<?xml version="1.0" encoding="UTF-8"?>
<testsuite xmlns:xsi="http://www.w3.org/2001/XMLSchema-instance" xsi:noNamespaceSchemaLocation="https://maven.apache.org/surefire/maven-surefire-plugin/xsd/surefire-test-report.xsd" name="TestSuite" time="26.916" tests="1" errors="0" skipped="0" failures="0">
  <properties>
    <property name="sun.desktop" value="windows"/>
    <property name="awt.toolkit" value="sun.awt.windows.WToolkit"/>
    <property name="file.encoding.pkg" value="sun.io"/>
    <property name="java.specification.version" value="1.8"/>
    <property name="sun.cpu.isalist" value="amd64"/>
    <property name="sun.jnu.encoding" value="Cp1252"/>
    <property name="java.class.path" value="F:\AWS\sudiprestapi\paypal\target\test-classes;F:\AWS\sudiprestapi\paypal\target\classes;C:\Users\Arvind\.m2\repository\junit\junit\3.8.1\junit-3.8.1.jar;C:\Users\Arvind\.m2\repository\org\testng\testng\6.14.3\testng-6.14.3.jar;C:\Users\Arvind\.m2\repository\com\beust\jcommander\1.72\jcommander-1.72.jar;C:\Users\Arvind\.m2\repository\org\apache-extras\beanshell\bsh\2.0b6\bsh-2.0b6.jar;C:\Users\Arvind\.m2\repository\org\json\json\20190722\json-20190722.jar;C:\Users\Arvind\.m2\repository\com\fasterxml\jackson\core\jackson-databind\2.10.0\jackson-databind-2.10.0.jar;C:\Users\Arvind\.m2\repository\com\fasterxml\jackson\core\jackson-annotations\2.10.0\jackson-annotations-2.10.0.jar;C:\Users\Arvind\.m2\repository\com\fasterxml\jackson\core\jackson-core\2.10.0\jackson-core-2.10.0.jar;C:\Users\Arvind\.m2\repository\io\rest-assured\rest-assured\4.1.2\rest-assured-4.1.2.jar;C:\Users\Arvind\.m2\repository\org\codehaus\groovy\groovy\2.5.8\groovy-2.5.8.jar;C:\Users\Arvind\.m2\repository\org\codehaus\groovy\groovy-xml\2.5.8\groovy-xml-2.5.8.jar;C:\Users\Arvind\.m2\repository\org\apache\httpcomponents\httpclient\4.5.3\httpclient-4.5.3.jar;C:\Users\Arvind\.m2\repository\org\apache\httpcomponents\httpcore\4.4.6\httpcore-4.4.6.jar;C:\Users\Arvind\.m2\repository\commons-logging\commons-logging\1.2\commons-logging-1.2.jar;C:\Users\Arvind\.m2\repository\commons-codec\commons-codec\1.9\commons-codec-1.9.jar;C:\Users\Arvind\.m2\repository\org\apache\httpcomponents\httpmime\4.5.3\httpmime-4.5.3.jar;C:\Users\Arvind\.m2\repository\org\hamcrest\hamcrest\2.1\hamcrest-2.1.jar;C:\Users\Arvind\.m2\repository\org\ccil\cowan\tagsoup\tagsoup\1.2.1\tagsoup-1.2.1.jar;C:\Users\Arvind\.m2\repository\io\rest-assured\json-path\4.1.2\json-path-4.1.2.jar;C:\Users\Arvind\.m2\repository\org\codehaus\groovy\groovy-json\2.5.8\groovy-json-2.5.8.jar;C:\Users\Arvind\.m2\repository\io\rest-assured\rest-assured-common\4.1.2\rest-assured-common-4.1.2.jar;C:\Users\Arvind\.m2\repository\io\rest-assured\xml-path\4.1.2\xml-path-4.1.2.jar;C:\Users\Arvind\.m2\repository\org\apache\commons\commons-lang3\3.4\commons-lang3-3.4.jar;C:\Users\Arvind\.m2\repository\javax\xml\bind\jaxb-api\2.3.1\jaxb-api-2.3.1.jar;C:\Users\Arvind\.m2\repository\javax\activation\javax.activation-api\1.2.0\javax.activation-api-1.2.0.jar;C:\Users\Arvind\.m2\repository\com\sun\xml\bind\jaxb-osgi\2.3.0.1\jaxb-osgi-2.3.0.1.jar;C:\Users\Arvind\.m2\repository\org\apache\sling\org.apache.sling.javax.activation\0.1.0\org.apache.sling.javax.activation-0.1.0.jar;C:\Users\Arvind\.m2\repository\javax\activation\activation\1.1.1\activation-1.1.1.jar;C:\Users\Arvind\.m2\repository\org\apache\maven\surefire\surefire-testng-utils\2.22.0\surefire-testng-utils-2.22.0.jar;C:\Users\Arvind\.m2\repository\org\apache\maven\surefire\surefire-grouper\2.22.0\surefire-grouper-2.22.0.jar;"/>
    <property name="java.vm.vendor" value="Oracle Corporation"/>
    <property name="sun.arch.data.model" value="64"/>
    <property name="user.variant" value=""/>
    <property name="java.vendor.url" value="http://java.oracle.com/"/>
    <property name="user.timezone" value="Asia/Calcutta"/>
    <property name="java.vm.specification.version" value="1.8"/>
    <property name="os.name" value="Windows 10"/>
    <property name="user.country" value="IN"/>
    <property name="sun.java.launcher" value="SUN_STANDARD"/>
    <property name="sun.boot.library.path" value="C:\Program Files\Java\jdk1.8.0_121\jre\bin"/>
    <property name="sun.java.command" value="C:\Users\Arvind\AppData\Local\Temp\surefire1970855167438714341\surefirebooter5348037236764665654.jar C:\Users\Arvind\AppData\Local\Temp\surefire1970855167438714341 2020-11-29T10-25-53_546-jvmRun1 surefire2162186584700743222tmp surefire_08860690128754966217tmp"/>
    <property name="surefire.test.class.path" value="F:\AWS\sudiprestapi\paypal\target\test-classes;F:\AWS\sudiprestapi\paypal\target\classes;C:\Users\Arvind\.m2\repository\junit\junit\3.8.1\junit-3.8.1.jar;C:\Users\Arvind\.m2\repository\org\testng\testng\6.14.3\testng-6.14.3.jar;C:\Users\Arvind\.m2\repository\com\beust\jcommander\1.72\jcommander-1.72.jar;C:\Users\Arvind\.m2\repository\org\apache-extras\beanshell\bsh\2.0b6\bsh-2.0b6.jar;C:\Users\Arvind\.m2\repository\org\json\json\20190722\json-20190722.jar;C:\Users\Arvind\.m2\repository\com\fasterxml\jackson\core\jackson-databind\2.10.0\jackson-databind-2.10.0.jar;C:\Users\Arvind\.m2\repository\com\fasterxml\jackson\core\jackson-annotations\2.10.0\jackson-annotations-2.10.0.jar;C:\Users\Arvind\.m2\repository\com\fasterxml\jackson\core\jackson-core\2.10.0\jackson-core-2.10.0.jar;C:\Users\Arvind\.m2\repository\io\rest-assured\rest-assured\4.1.2\rest-assured-4.1.2.jar;C:\Users\Arvind\.m2\repository\org\codehaus\groovy\groovy\2.5.8\groovy-2.5.8.jar;C:\Users\Arvind\.m2\repository\org\codehaus\groovy\groovy-xml\2.5.8\groovy-xml-2.5.8.jar;C:\Users\Arvind\.m2\repository\org\apache\httpcomponents\httpclient\4.5.3\httpclient-4.5.3.jar;C:\Users\Arvind\.m2\repository\org\apache\httpcomponents\httpcore\4.4.6\httpcore-4.4.6.jar;C:\Users\Arvind\.m2\repository\commons-logging\commons-logging\1.2\commons-logging-1.2.jar;C:\Users\Arvind\.m2\repository\commons-codec\commons-codec\1.9\commons-codec-1.9.jar;C:\Users\Arvind\.m2\repository\org\apache\httpcomponents\httpmime\4.5.3\httpmime-4.5.3.jar;C:\Users\Arvind\.m2\repository\org\hamcrest\hamcrest\2.1\hamcrest-2.1.jar;C:\Users\Arvind\.m2\repository\org\ccil\cowan\tagsoup\tagsoup\1.2.1\tagsoup-1.2.1.jar;C:\Users\Arvind\.m2\repository\io\rest-assured\json-path\4.1.2\json-path-4.1.2.jar;C:\Users\Arvind\.m2\repository\org\codehaus\groovy\groovy-json\2.5.8\groovy-json-2.5.8.jar;C:\Users\Arvind\.m2\repository\io\rest-assured\rest-assured-common\4.1.2\rest-assured-common-4.1.2.jar;C:\Users\Arvind\.m2\repository\io\rest-assured\xml-path\4.1.2\xml-path-4.1.2.jar;C:\Users\Arvind\.m2\repository\org\apache\commons\commons-lang3\3.4\commons-lang3-3.4.jar;C:\Users\Arvind\.m2\repository\javax\xml\bind\jaxb-api\2.3.1\jaxb-api-2.3.1.jar;C:\Users\Arvind\.m2\repository\javax\activation\javax.activation-api\1.2.0\javax.activation-api-1.2.0.jar;C:\Users\Arvind\.m2\repository\com\sun\xml\bind\jaxb-osgi\2.3.0.1\jaxb-osgi-2.3.0.1.jar;C:\Users\Arvind\.m2\repository\org\apache\sling\org.apache.sling.javax.activation\0.1.0\org.apache.sling.javax.activation-0.1.0.jar;C:\Users\Arvind\.m2\repository\javax\activation\activation\1.1.1\activation-1.1.1.jar;C:\Users\Arvind\.m2\repository\org\apache\maven\surefire\surefire-testng-utils\2.22.0\surefire-testng-utils-2.22.0.jar;C:\Users\Arvind\.m2\repository\org\apache\maven\surefire\surefire-grouper\2.22.0\surefire-grouper-2.22.0.jar;"/>
    <property name="sun.cpu.endian" value="little"/>
    <property name="user.home" value="C:\Users\Arvind"/>
    <property name="user.language" value="en"/>
    <property name="java.specification.vendor" value="Oracle Corporation"/>
    <property name="java.home" value="C:\Program Files\Java\jdk1.8.0_121\jre"/>
    <property name="basedir" value="F:\AWS\sudiprestapi\paypal"/>
    <property name="file.separator" value="\"/>
    <property name="line.separator" value="&#10;"/>
    <property name="java.vm.specification.vendor" value="Oracle Corporation"/>
    <property name="java.specification.name" value="Java Platform API Specification"/>
    <property name="java.awt.graphicsenv" value="sun.awt.Win32GraphicsEnvironment"/>
    <property name="surefire.real.class.path" value="C:\Users\Arvind\AppData\Local\Temp\surefire1970855167438714341\surefirebooter5348037236764665654.jar"/>
    <property name="sun.boot.class.path" value="C:\Program Files\Java\jdk1.8.0_121\jre\lib\resources.jar;C:\Program Files\Java\jdk1.8.0_121\jre\lib\rt.jar;C:\Program Files\Java\jdk1.8.0_121\jre\lib\sunrsasign.jar;C:\Program Files\Java\jdk1.8.0_121\jre\lib\jsse.jar;C:\Program Files\Java\jdk1.8.0_121\jre\lib\jce.jar;C:\Program Files\Java\jdk1.8.0_121\jre\lib\charsets.jar;C:\Program Files\Java\jdk1.8.0_121\jre\lib\jfr.jar;C:\Program Files\Java\jdk1.8.0_121\jre\classes"/>
    <property name="user.script" value=""/>
    <property name="sun.management.compiler" value="HotSpot 64-Bit Tiered Compilers"/>
    <property name="java.runtime.version" value="1.8.0_121-b13"/>
    <property name="user.name" value="Arvind"/>
    <property name="path.separator" value=";"/>
    <property name="os.version" value="10.0"/>
    <property name="java.endorsed.dirs" value="C:\Program Files\Java\jdk1.8.0_121\jre\lib\endorsed"/>
    <property name="java.runtime.name" value="Java(TM) SE Runtime Environment"/>
    <property name="file.encoding" value="Cp1252"/>
    <property name="java.vm.name" value="Java HotSpot(TM) 64-Bit Server VM"/>
    <property name="localRepository" value="C:\Users\Arvind\.m2\repository"/>
    <property name="java.vendor.url.bug" value="http://bugreport.sun.com/bugreport/"/>
    <property name="java.io.tmpdir" value="C:\Users\Arvind\AppData\Local\Temp\"/>
    <property name="java.version" value="1.8.0_121"/>
    <property name="user.dir" value="F:\AWS\sudiprestapi\paypal"/>
    <property name="os.arch" value="amd64"/>
    <property name="java.vm.specification.name" value="Java Virtual Machine Specification"/>
    <property name="java.awt.printerjob" value="sun.awt.windows.WPrinterJob"/>
    <property name="sun.os.patch.level" value=""/>
    <property name="java.library.path" value="C:\Program Files\Java\jdk1.8.0_121\jre\bin;C:\WINDOWS\Sun\Java\bin;C:\WINDOWS\system32;C:\WINDOWS;C:\Users\Arvind\.jenkins\tools\hudson.tasks.Maven_MavenInstallation\mave/bin;C:\Program Files\Java\jdk1.8.0_121\bin;C:\Program Files\nodejs\;C:\Program Files\Amazon\AWSCLI\bin\;C:\Python27;C:\WINDOWS\System32\WindowsPowerShell\v1.0\;;C:\WINDOWS\system32;C:\WINDOWS;C:\WINDOWS\System32\Wbem;C:\WINDOWS\System32\OpenSSH\;C:\Program Files\Java\jdk1.8.0_121\bin;C:\Users\Arvind\AppData\Roaming\npm;;C:\Users\Arvind\AppData\Local\Programs\Microsoft VS Code\bin;C:\Users\Arvind\AppData\Local\Microsoft\WindowsApps;."/>
    <property name="java.vm.info" value="mixed mode"/>
    <property name="java.vendor" value="Oracle Corporation"/>
    <property name="java.vm.version" value="25.121-b13"/>
    <property name="java.ext.dirs" value="C:\Program Files\Java\jdk1.8.0_121\jre\lib\ext;C:\WINDOWS\Sun\Java\lib\ext"/>
    <property name="sun.io.unicode.encoding" value="UnicodeLittle"/>
    <property name="java.class.version" value="52.0"/>
  </properties>
  <testcase name="createOrder" classname="com.testCases.paypal.CreateOrderTest" time="18.12"/>
</testsuite>