<?xml version="1.0" encoding="UTF-8"?>
<!-- Generated by org.testng.reporters.JUnitReportReporter -->
<testsuite skipped="0" hostname="LAPTOP-P5F1SACC" name="com.testCases.paypal.CreateOrderTest" tests="1" failures="0" timestamp="29 Nov 2020 04:56:40 GMT" time="18.117" errors="0">
  <testcase name="createOrder" time="18.117" classname="com.testCases.paypal.CreateOrderTest"/>
</testsuite> <!-- com.testCases.paypal.CreateOrderTest -->
